<?xml version="1.0" encoding="UTF-8"?>
<robot generator="Robot 4.1.1 (Python 3.9.7 on win32)" generated="20220329 16:50:58.591" rpa="false" schemaversion="2">
<suite id="s1" name="Tests" source="D:\Projetos_Git\LaboratorioQA\frontend\tests">
<suite id="s1-s1" name="CadastrarUsuario" source="D:\Projetos_Git\LaboratorioQA\frontend\tests\CadastrarUsuario.robot">
<test id="s1-s1-t1" name="Cadastrar usuário">
<kw name="Acessar Página Web" library="Base" type="SETUP">
<kw name="New Browser" library="Browser">
<arg>${BROWSER}</arg>
<arg>headless=${HEADLESS}</arg>
<arg>slowMo=00:00:00</arg>
<tag>BrowserControl</tag>
<tag>Setter</tag>
<doc>Create a new playwright Browser with specified options.</doc>
<msg timestamp="20220329 16:50:59.996" level="INFO">{"browser": "chromium", "headless": false, "handleSIGINT": true, "handleSIGTERM": true, "handleSIGHUP": true, "timeout": 30000.0, "devtools": false, "slowMo": 0.0, "tracesDir": "D:\\Projetos_Git\\LaboratorioQA\\frontend\\logs\\browser\\traces\\d2872619-3a4a-4159-9b5f-1783b7b7f64f"}</msg>
<msg timestamp="20220329 16:51:00.740" level="INFO">Successfully created browser with options: {"browser":"chromium","headless":false,"handleSIGINT":true,"handleSIGTERM":true,"handleSIGHUP":true,"timeout":30000,"devtools":false,"slowMo":0,"tracesDir":"D:\\Projetos_Git\\LaboratorioQA\\frontend\\logs\\browser\\traces\\d2872619-3a4a-4159-9b5f-1783b7b7f64f"}</msg>
<status status="PASS" starttime="20220329 16:50:59.995" endtime="20220329 16:51:00.741"/>
</kw>
<kw name="New Page" library="Browser">
<arg>${urlBase}/home</arg>
<tag>BrowserControl</tag>
<tag>Setter</tag>
<doc>Open a new Page. A Page is the Playwright equivalent to a tab.
See `Browser, Context and Page` for more information about Page concept.
Returns a stable identifier for the created page.</doc>
<msg timestamp="20220329 16:51:02.472" level="INFO">Successfully initialized new page object and opened url: https://laboratorio-qa.herokuapp.com/home</msg>
<msg timestamp="20220329 16:51:02.472" level="INFO">No context was open. New context was automatically opened when this page is created.</msg>
<status status="PASS" starttime="20220329 16:51:00.741" endtime="20220329 16:51:02.473"/>
</kw>
<kw name="Set Viewport Size" library="Browser">
<arg>1280</arg>
<arg>768</arg>
<tag>BrowserControl</tag>
<tag>Setter</tag>
<doc>Sets current Pages viewport size to specified dimensions.</doc>
<msg timestamp="20220329 16:51:02.524" level="INFO">Set viewport size to: [object Object]</msg>
<status status="PASS" starttime="20220329 16:51:02.473" endtime="20220329 16:51:02.525"/>
</kw>
<status status="PASS" starttime="20220329 16:50:59.995" endtime="20220329 16:51:02.525"/>
</kw>
<kw name="Ir para a tela de usuários" library="UsuarioActions">
<kw name="Click" library="Browser">
<arg>css=a[href="/usuario/formulario"]</arg>
<tag>PageContent</tag>
<tag>Setter</tag>
<doc>Simulates mouse click on the element found by ``selector``.</doc>
<status status="PASS" starttime="20220329 16:51:02.526" endtime="20220329 16:51:03.076"/>
</kw>
<status status="PASS" starttime="20220329 16:51:02.525" endtime="20220329 16:51:03.076"/>
</kw>
<kw name="Preencher os Campos de Cadastro" library="UsuarioActions">
<arg>Teste cadastro</arg>
<arg>128.006.807-84</arg>
<arg>cadastro@teste.com</arg>
<arg>Teste123</arg>
<arg>https://www.aplicaplacas.com.br/uploads/img/550/placa-sinalizacao-cuidado-area-de-teste-9e8ab87cf00f1eba23f4f4103251680a.jpg</arg>
<kw name="Fill Text" library="Browser">
<arg>id=nome</arg>
<arg>${nome}</arg>
<tag>PageContent</tag>
<tag>Setter</tag>
<doc>Clears and fills the given ``txt`` into the text field found by ``selector``.</doc>
<msg timestamp="20220329 16:51:03.078" level="INFO">Fills the text 'Teste cadastro' in the given field.</msg>
<status status="PASS" starttime="20220329 16:51:03.077" endtime="20220329 16:51:03.126"/>
</kw>
<kw name="Fill Text" library="Browser">
<arg>id=cpf</arg>
<arg>${cpf}</arg>
<tag>PageContent</tag>
<tag>Setter</tag>
<doc>Clears and fills the given ``txt`` into the text field found by ``selector``.</doc>
<msg timestamp="20220329 16:51:03.127" level="INFO">Fills the text '128.006.807-84' in the given field.</msg>
<status status="PASS" starttime="20220329 16:51:03.127" endtime="20220329 16:51:03.146"/>
</kw>
<kw name="Fill Text" library="Browser">
<arg>id=email</arg>
<arg>${email}</arg>
<tag>PageContent</tag>
<tag>Setter</tag>
<doc>Clears and fills the given ``txt`` into the text field found by ``selector``.</doc>
<msg timestamp="20220329 16:51:03.147" level="INFO">Fills the text 'cadastro@teste.com' in the given field.</msg>
<status status="PASS" starttime="20220329 16:51:03.146" endtime="20220329 16:51:03.162"/>
</kw>
<kw name="Fill Text" library="Browser">
<arg>id=senha</arg>
<arg>${senha}</arg>
<tag>PageContent</tag>
<tag>Setter</tag>
<doc>Clears and fills the given ``txt`` into the text field found by ``selector``.</doc>
<msg timestamp="20220329 16:51:03.162" level="INFO">Fills the text 'Teste123' in the given field.</msg>
<status status="PASS" starttime="20220329 16:51:03.162" endtime="20220329 16:51:03.177"/>
</kw>
<kw name="Fill Text" library="Browser">
<arg>id=urlFoto</arg>
<arg>${urlFoto}</arg>
<tag>PageContent</tag>
<tag>Setter</tag>
<doc>Clears and fills the given ``txt`` into the text field found by ``selector``.</doc>
<msg timestamp="20220329 16:51:03.177" level="INFO">Fills the text 'https://www.aplicaplacas.com.br/uploads/img/550/placa-sinalizacao-cuidado-area-de-teste-9e8ab87cf00f1eba23f4f4103251680a.jpg' in the given field.</msg>
<status status="PASS" starttime="20220329 16:51:03.177" endtime="20220329 16:51:03.193"/>
</kw>
<status status="PASS" starttime="20220329 16:51:03.077" endtime="20220329 16:51:03.193"/>
</kw>
<kw name="Clicar em Cadastrar" library="UsuarioActions">
<kw name="Click" library="Browser">
<arg>css=.btn &gt;&gt; text=Cadastrar</arg>
<tag>PageContent</tag>
<tag>Setter</tag>
<doc>Simulates mouse click on the element found by ``selector``.</doc>
<status status="PASS" starttime="20220329 16:51:03.194" endtime="20220329 16:51:04.033"/>
</kw>
<status status="PASS" starttime="20220329 16:51:03.194" endtime="20220329 16:51:04.033"/>
</kw>
<kw name="Consultar Usuario por cpf" library="Database">
<var>${usuario}</var>
<arg>128.006.807-84</arg>
<kw name="Conectar ao Banco de dados" library="Database">
<kw name="Connect To Database" library="DatabaseLibrary">
<arg>pymysql</arg>
<arg>heroku_63b67e3b763618b</arg>
<arg>b6518411da7f9c</arg>
<arg>1b845470bbfd3ae</arg>
<arg>us-cdbr-east-05.cleardb.net</arg>
<arg>3306</arg>
<doc>Loads the DB API 2.0 module given `dbapiModuleName` then uses it to
connect to the database using `dbName`, `dbUsername`, and `dbPassword`.</doc>
<msg timestamp="20220329 16:51:04.050" level="INFO">Connecting using : pymysql.connect(db=heroku_63b67e3b763618b, user=b6518411da7f9c, passwd=1b845470bbfd3ae, host=us-cdbr-east-05.cleardb.net, port=3306, charset=None) </msg>
<status status="PASS" starttime="20220329 16:51:04.035" endtime="20220329 16:51:04.826"/>
</kw>
<status status="PASS" starttime="20220329 16:51:04.035" endtime="20220329 16:51:04.826"/>
</kw>
<kw name="Query" library="DatabaseLibrary">
<var>@{queryResults}</var>
<arg>SELECT * from usuario WHERE cpf = "${cpf}"</arg>
<doc>Uses the input `selectStatement` to query for the values that will be returned as a list of tuples. Set optional
input `sansTran` to True to run command without an explicit transaction commit or rollback.
Set optional input `returnAsDict` to True to return values as a list of dictionaries.</doc>
<msg timestamp="20220329 16:51:04.827" level="INFO">Executing : Query  |  SELECT * from usuario WHERE cpf = "128.006.807-84" </msg>
<msg timestamp="20220329 16:51:05.133" level="INFO">@{queryResults} = [ (204, '128.006.807-84', 'cadastro@teste.com', 'Teste cadastro', 'Teste123', 'CADASTRADO', 'https://www.aplicaplacas.com.br/uploads/img/550/placa-sinalizacao-cuidado-area-de-teste-9e8ab87cf00f1eba23f...</msg>
<status status="PASS" starttime="20220329 16:51:04.826" endtime="20220329 16:51:05.133"/>
</kw>
<kw name="Disconnect From Database" library="DatabaseLibrary">
<doc>Disconnects from the database.</doc>
<msg timestamp="20220329 16:51:05.134" level="INFO">Executing : Disconnect From Database</msg>
<status status="PASS" starttime="20220329 16:51:05.133" endtime="20220329 16:51:05.134"/>
</kw>
<msg timestamp="20220329 16:51:05.135" level="INFO">${usuario} = (204, '128.006.807-84', 'cadastro@teste.com', 'Teste cadastro', 'Teste123', 'CADASTRADO', 'https://www.aplicaplacas.com.br/uploads/img/550/placa-sinalizacao-cuidado-area-de-teste-9e8ab87cf00f1eba23f4f...</msg>
<status status="PASS" starttime="20220329 16:51:04.034" endtime="20220329 16:51:05.135"/>
</kw>
<kw name="Should Be Equal As Strings" library="BuiltIn">
<arg>CADASTRADO</arg>
<arg>${usuario[5]}</arg>
<doc>Fails if objects are unequal after converting them to strings.</doc>
<status status="PASS" starttime="20220329 16:51:05.135" endtime="20220329 16:51:05.136"/>
</kw>
<kw name="Tirar Print" library="Base" type="TEARDOWN">
<kw name="Take Screenshot" library="Browser">
<arg>fullPage=true</arg>
<tag>PageContent</tag>
<doc>Takes a screenshot of the current window or element and saves it to disk.</doc>
<msg timestamp="20220329 16:51:05.399" level="INFO" html="true">&lt;/td&gt;&lt;/tr&gt;&lt;tr&gt;&lt;td colspan="3"&gt;&lt;a href="browser/screenshot/robotframework-browser-screenshot-1.png"&gt;&lt;img src="browser/screenshot/robotframework-browser-screenshot-1.png" width="800px"&gt;&lt;/a&gt;</msg>
<status status="PASS" starttime="20220329 16:51:05.136" endtime="20220329 16:51:05.399"/>
</kw>
<status status="PASS" starttime="20220329 16:51:05.136" endtime="20220329 16:51:05.399"/>
</kw>
<status status="PASS" starttime="20220329 16:50:59.993" endtime="20220329 16:51:05.401"/>
</test>
<doc>Suite de Testes do cadastro de usuários</doc>
<status status="PASS" starttime="20220329 16:50:58.618" endtime="20220329 16:51:05.456"/>
</suite>
<status status="PASS" starttime="20220329 16:50:58.593" endtime="20220329 16:51:05.464"/>
</suite>
<statistics>
<total>
<stat pass="1" fail="0" skip="0">All Tests</stat>
</total>
<tag>
</tag>
<suite>
<stat pass="1" fail="0" skip="0" id="s1" name="Tests">Tests</stat>
<stat pass="1" fail="0" skip="0" id="s1-s1" name="CadastrarUsuario">Tests.CadastrarUsuario</stat>
</suite>
</statistics>
<errors>
</errors>
</robot>
