<?xml version="1.0" encoding="UTF-8"?>
<robot generator="Robot 4.1.1 (Python 3.9.7 on win32)" generated="20220327 21:49:21.326" rpa="false" schemaversion="2">
<suite id="s1" name="Tests" source="D:\Projetos_Git\LaboratorioQA\frontend\tests">
<suite id="s1-s1" name="CadastrarUsuario" source="D:\Projetos_Git\LaboratorioQA\frontend\tests\CadastrarUsuario.robot">
<test id="s1-s1-t1" name="Cadastrar usuário">
<kw name="Acessar Página Web" library="Base" type="SETUP">
<kw name="New Browser" library="Browser">
<arg>${BROWSER}</arg>
<arg>headless=${HEADLESS}</arg>
<arg>slowMo=00:00:00</arg>
<tag>BrowserControl</tag>
<tag>Setter</tag>
<doc>Create a new playwright Browser with specified options.</doc>
<msg timestamp="20220327 21:49:22.433" level="INFO">{"browser": "chromium", "headless": false, "handleSIGINT": true, "handleSIGTERM": true, "handleSIGHUP": true, "timeout": 30000.0, "devtools": false, "slowMo": 0.0, "tracesDir": "D:\\Projetos_Git\\LaboratorioQA\\frontend\\logs\\browser\\traces\\81752588-1b23-4b23-9a73-ceea00c4f125"}</msg>
<msg timestamp="20220327 21:49:23.104" level="INFO">Successfully created browser with options: {"browser":"chromium","headless":false,"handleSIGINT":true,"handleSIGTERM":true,"handleSIGHUP":true,"timeout":30000,"devtools":false,"slowMo":0,"tracesDir":"D:\\Projetos_Git\\LaboratorioQA\\frontend\\logs\\browser\\traces\\81752588-1b23-4b23-9a73-ceea00c4f125"}</msg>
<status status="PASS" starttime="20220327 21:49:22.433" endtime="20220327 21:49:23.104"/>
</kw>
<kw name="New Page" library="Browser">
<arg>${urlBase}/home</arg>
<tag>BrowserControl</tag>
<tag>Setter</tag>
<doc>Open a new Page. A Page is the Playwright equivalent to a tab.
See `Browser, Context and Page` for more information about Page concept.
Returns a stable identifier for the created page.</doc>
<msg timestamp="20220327 21:49:24.047" level="INFO">Successfully initialized new page object and opened url: http://localhost:8080/home</msg>
<msg timestamp="20220327 21:49:24.047" level="INFO">No context was open. New context was automatically opened when this page is created.</msg>
<status status="PASS" starttime="20220327 21:49:23.104" endtime="20220327 21:49:24.047"/>
</kw>
<kw name="Set Viewport Size" library="Browser">
<arg>1280</arg>
<arg>768</arg>
<tag>BrowserControl</tag>
<tag>Setter</tag>
<doc>Sets current Pages viewport size to specified dimensions.</doc>
<msg timestamp="20220327 21:49:24.066" level="INFO">Set viewport size to: [object Object]</msg>
<status status="PASS" starttime="20220327 21:49:24.048" endtime="20220327 21:49:24.067"/>
</kw>
<status status="PASS" starttime="20220327 21:49:22.432" endtime="20220327 21:49:24.067"/>
</kw>
<kw name="Ir para a tela de usuários" library="UsuarioActions">
<kw name="Click" library="Browser">
<arg>css=a[href="/usuario/formulario"]</arg>
<tag>PageContent</tag>
<tag>Setter</tag>
<doc>Simulates mouse click on the element found by ``selector``.</doc>
<status status="PASS" starttime="20220327 21:49:24.068" endtime="20220327 21:49:24.272"/>
</kw>
<status status="PASS" starttime="20220327 21:49:24.067" endtime="20220327 21:49:24.273"/>
</kw>
<kw name="Preencher os Campos de Cadastro" library="UsuarioActions">
<arg>Teste cadastro</arg>
<arg>128.006.807-84</arg>
<arg>cadastro@teste.com</arg>
<arg>Teste123</arg>
<arg>https://www.aplicaplacas.com.br/uploads/img/550/placa-sinalizacao-cuidado-area-de-teste-9e8ab87cf00f1eba23f4f4103251680a.jpg</arg>
<kw name="Fill Text" library="Browser">
<arg>id=nome</arg>
<arg>${nome}</arg>
<tag>PageContent</tag>
<tag>Setter</tag>
<doc>Clears and fills the given ``txt`` into the text field found by ``selector``.</doc>
<msg timestamp="20220327 21:49:24.274" level="INFO">Fills the text 'Teste cadastro' in the given field.</msg>
<status status="PASS" starttime="20220327 21:49:24.274" endtime="20220327 21:49:24.317"/>
</kw>
<kw name="Fill Text" library="Browser">
<arg>id=cpf</arg>
<arg>${cpf}</arg>
<tag>PageContent</tag>
<tag>Setter</tag>
<doc>Clears and fills the given ``txt`` into the text field found by ``selector``.</doc>
<msg timestamp="20220327 21:49:24.318" level="INFO">Fills the text '128.006.807-84' in the given field.</msg>
<status status="PASS" starttime="20220327 21:49:24.318" endtime="20220327 21:49:24.336"/>
</kw>
<kw name="Fill Text" library="Browser">
<arg>id=email</arg>
<arg>${email}</arg>
<tag>PageContent</tag>
<tag>Setter</tag>
<doc>Clears and fills the given ``txt`` into the text field found by ``selector``.</doc>
<msg timestamp="20220327 21:49:24.337" level="INFO">Fills the text 'cadastro@teste.com' in the given field.</msg>
<status status="PASS" starttime="20220327 21:49:24.336" endtime="20220327 21:49:24.351"/>
</kw>
<kw name="Fill Text" library="Browser">
<arg>id=senha</arg>
<arg>${senha}</arg>
<tag>PageContent</tag>
<tag>Setter</tag>
<doc>Clears and fills the given ``txt`` into the text field found by ``selector``.</doc>
<msg timestamp="20220327 21:49:24.352" level="INFO">Fills the text 'Teste123' in the given field.</msg>
<status status="PASS" starttime="20220327 21:49:24.351" endtime="20220327 21:49:24.367"/>
</kw>
<kw name="Fill Text" library="Browser">
<arg>id=urlFoto</arg>
<arg>${urlFoto}</arg>
<tag>PageContent</tag>
<tag>Setter</tag>
<doc>Clears and fills the given ``txt`` into the text field found by ``selector``.</doc>
<msg timestamp="20220327 21:49:24.367" level="INFO">Fills the text 'https://www.aplicaplacas.com.br/uploads/img/550/placa-sinalizacao-cuidado-area-de-teste-9e8ab87cf00f1eba23f4f4103251680a.jpg' in the given field.</msg>
<status status="PASS" starttime="20220327 21:49:24.367" endtime="20220327 21:49:24.385"/>
</kw>
<status status="PASS" starttime="20220327 21:49:24.273" endtime="20220327 21:49:24.385"/>
</kw>
<kw name="Clicar em Cadastrar" library="UsuarioActions">
<kw name="Click" library="Browser">
<arg>css=.btn &gt;&gt; text=Cadastrar</arg>
<tag>PageContent</tag>
<tag>Setter</tag>
<doc>Simulates mouse click on the element found by ``selector``.</doc>
<status status="PASS" starttime="20220327 21:49:24.386" endtime="20220327 21:49:24.478"/>
</kw>
<status status="PASS" starttime="20220327 21:49:24.385" endtime="20220327 21:49:24.478"/>
</kw>
<kw name="Conectar ao Banco de dados" library="Database">
<kw name="Connect To Database" library="DatabaseLibrary">
<arg>pymysql</arg>
<arg>db_laboratorio_qa</arg>
<arg>root</arg>
<arg>admin01</arg>
<arg>127.0.0.1</arg>
<arg>3306</arg>
<doc>Loads the DB API 2.0 module given `dbapiModuleName` then uses it to
connect to the database using `dbName`, `dbUsername`, and `dbPassword`.</doc>
<msg timestamp="20220327 21:49:24.493" level="INFO">Connecting using : pymysql.connect(db=db_laboratorio_qa, user=root, passwd=admin01, host=127.0.0.1, port=3306, charset=None) </msg>
<status status="PASS" starttime="20220327 21:49:24.479" endtime="20220327 21:49:24.497"/>
</kw>
<status status="PASS" starttime="20220327 21:49:24.479" endtime="20220327 21:49:24.497"/>
</kw>
<kw name="Consultar Usuario por cpf" library="Database">
<var>${usuario}</var>
<arg>128.006.807-84</arg>
<kw name="Query" library="DatabaseLibrary">
<var>@{queryResults}</var>
<arg>SELECT * from usuario WHERE cpf = "${cpf}"</arg>
<doc>Uses the input `selectStatement` to query for the values that will be returned as a list of tuples. Set optional
input `sansTran` to True to run command without an explicit transaction commit or rollback.
Set optional input `returnAsDict` to True to return values as a list of dictionaries.</doc>
<msg timestamp="20220327 21:49:24.498" level="INFO">Executing : Query  |  SELECT * from usuario WHERE cpf = "128.006.807-84" </msg>
<msg timestamp="20220327 21:49:24.499" level="INFO">@{queryResults} = [ (7, '128.006.807-84', 'cadastro@teste.com', 'Teste cadastro', 'CADASTRADO', 'https://www.aplicaplacas.com.br/uploads/img/550/placa-sinalizacao-cuidado-area-de-teste-9e8ab87cf00f1eba23f4f4103251680a....</msg>
<status status="PASS" starttime="20220327 21:49:24.498" endtime="20220327 21:49:24.499"/>
</kw>
<msg timestamp="20220327 21:49:24.500" level="INFO">${usuario} = (7, '128.006.807-84', 'cadastro@teste.com', 'Teste cadastro', 'CADASTRADO', 'https://www.aplicaplacas.com.br/uploads/img/550/placa-sinalizacao-cuidado-area-de-teste-9e8ab87cf00f1eba23f4f4103251680a.jp...</msg>
<status status="PASS" starttime="20220327 21:49:24.498" endtime="20220327 21:49:24.500"/>
</kw>
<kw name="Tirar Print" library="Base" type="TEARDOWN">
<kw name="Take Screenshot" library="Browser">
<arg>fullPage=true</arg>
<tag>PageContent</tag>
<doc>Takes a screenshot of the current window or element and saves it to disk.</doc>
<msg timestamp="20220327 21:49:25.012" level="INFO" html="true">&lt;/td&gt;&lt;/tr&gt;&lt;tr&gt;&lt;td colspan="3"&gt;&lt;a href="browser/screenshot/robotframework-browser-screenshot-1.png"&gt;&lt;img src="browser/screenshot/robotframework-browser-screenshot-1.png" width="800px"&gt;&lt;/a&gt;</msg>
<status status="PASS" starttime="20220327 21:49:24.500" endtime="20220327 21:49:25.013"/>
</kw>
<status status="PASS" starttime="20220327 21:49:24.500" endtime="20220327 21:49:25.013"/>
</kw>
<status status="PASS" starttime="20220327 21:49:22.430" endtime="20220327 21:49:25.013"/>
</test>
<doc>Suite de Testes da tela de cadastro de usuário</doc>
<status status="PASS" starttime="20220327 21:49:21.351" endtime="20220327 21:49:25.063"/>
</suite>
<status status="PASS" starttime="20220327 21:49:21.328" endtime="20220327 21:49:25.069"/>
</suite>
<statistics>
<total>
<stat pass="1" fail="0" skip="0">All Tests</stat>
</total>
<tag>
</tag>
<suite>
<stat pass="1" fail="0" skip="0" id="s1" name="Tests">Tests</stat>
<stat pass="1" fail="0" skip="0" id="s1-s1" name="CadastrarUsuario">Tests.CadastrarUsuario</stat>
</suite>
</statistics>
<errors>
</errors>
</robot>
